2024-10-18T09:02:08.636Z [ERROR]: Validation failed for registration: [{"type":"field","msg":"User ID must be an integer","path":"user_id","location":"body"}]
2024-10-18T09:03:43.841Z [ERROR]: Validation failed for registration: [{"type":"field","msg":"User ID must be an integer","path":"user_id","location":"body"}]
2024-10-18T11:44:52.137Z [ERROR]: Failed to create transaction for Order ID: ORDER-123456, Error: Midtrans API is returning API error. HTTP status code: 400. API response: {"error_messages":["transaction_details.order_id has already been taken"]}
2024-10-18T11:45:28.731Z [ERROR]: Failed to create transaction for Order ID: ORDER-123456, Error: Midtrans API is returning API error. HTTP status code: 400. API response: {"error_messages":["transaction_details.order_id has already been taken"]}
2024-10-18T11:45:30.955Z [ERROR]: Invalid signature for Order ID: ORDER-123456
2024-10-18T11:45:49.984Z [ERROR]: Failed to create transaction for Order ID: ORDER-123456, Error: Midtrans API is returning API error. HTTP status code: 400. API response: {"error_messages":["transaction_details.order_id has already been taken"]}
2024-10-18T11:46:07.080Z [ERROR]: Invalid signature for Order ID: ORDER-123456
2024-10-18T11:46:22.092Z [ERROR]: Invalid signature for Order ID: ORDER-123457
2024-10-18T11:46:29.080Z [ERROR]: Invalid signature for Order ID: ORDER-123457
2024-10-18T11:47:16.791Z [ERROR]: Invalid signature for Order ID: ORDER-123457
2024-10-18T11:47:34.438Z [ERROR]: Invalid signature for Order ID: ORDER-123457
2024-10-18T11:49:24.899Z [ERROR]: Invalid signature for Order ID: ORDER-123458
2024-10-18T11:49:35.868Z [ERROR]: Invalid signature for Order ID: ORDER-123458
2024-10-18T11:50:23.489Z [ERROR]: Invalid signature for Order ID: ORDER-123458
2024-10-18T11:50:41.028Z [ERROR]: Invalid signature for Order ID: ORDER-123457
2024-10-18T11:51:37.306Z [ERROR]: Invalid signature for Order ID: ORDER-123458
2024-10-18T11:52:33.835Z [ERROR]: Invalid signature for Order ID: ORDER-123457
2024-10-18T11:52:37.260Z [ERROR]: Invalid signature for Order ID: ORDER-123459
2024-10-18T11:52:46.050Z [ERROR]: Invalid signature for Order ID: ORDER-123459
2024-10-18T11:53:28.019Z [ERROR]: Invalid signature for Order ID: ORDER-123459
2024-10-18T11:54:29.547Z [ERROR]: Invalid signature for Order ID: ORDER-123459
2024-10-18T11:54:53.431Z [ERROR]: Invalid signature for Order ID: ORDER-123412
2024-10-18T11:55:02.386Z [ERROR]: Invalid signature for Order ID: ORDER-123412
2024-10-18T11:55:45.834Z [ERROR]: Invalid signature for Order ID: ORDER-123458
2024-10-18T11:56:24.414Z [ERROR]: Invalid signature for Order ID: ORDER-123412
2024-10-18T11:56:33.218Z [ERROR]: Invalid signature for Order ID: ORDER-123413
2024-10-18T11:56:39.222Z [ERROR]: Invalid signature for Order ID: ORDER-123413
2024-10-18T11:56:57.684Z [ERROR]: Invalid signature for Order ID: ORDER-123412
2024-10-18T11:57:03.231Z [ERROR]: Invalid signature for Order ID: ORDER-123413
2024-10-18T11:57:19.097Z [ERROR]: Invalid signature for Order ID: ORDER-123459
2024-10-18T11:57:24.109Z [ERROR]: Invalid signature for Order ID: ORDER-123458
2024-10-18T11:58:06.593Z [ERROR]: Failed to create transaction for Order ID: ORDER-123413, Error: Midtrans API is returning API error. HTTP status code: 400. API response: {"error_messages":["transaction_details.order_id has already been taken"]}
2024-10-18T11:58:16.287Z [ERROR]: Invalid signature for Order ID: ORDER-123413
2024-10-18T11:58:24.337Z [ERROR]: Invalid signature for Order ID: ORDER-123414
2024-10-18T11:58:30.684Z [ERROR]: Invalid signature for Order ID: ORDER-123414
2024-10-18T11:58:50.244Z [ERROR]: Invalid signature for Order ID: ORDER-123459
2024-10-18T11:59:07.287Z [ERROR]: Invalid signature for Order ID: ORDER-123414
2024-10-18T12:00:12.033Z [ERROR]: Invalid signature for Order ID: ORDER-123414
2024-10-18T12:00:19.450Z [ERROR]: Invalid signature for Order ID: ORDER-123457
2024-10-18T12:00:55.168Z [ERROR]: Invalid signature for Order ID: ORDER-123412
2024-10-18T12:01:05.273Z [ERROR]: Invalid signature for Order ID: ORDER-123412
2024-10-18T12:01:38.373Z [ERROR]: Invalid signature for Order ID: ORDER-123413
2024-10-18T12:01:56.423Z [ERROR]: Invalid signature for Order ID: ORDER-123414
2024-10-18T12:02:44.464Z [ERROR]: Invalid signature for Order ID: ORDER-123413
2024-10-18T12:05:55.273Z [ERROR]: Invalid signature for Order ID: ORDER-123414
2024-10-18T12:06:10.769Z [ERROR]: Invalid signature for Order ID: ORDER-123456
2024-10-18T12:08:05.127Z [ERROR]: Invalid signature for Order ID: ORDER-123456
2024-10-18T12:09:57.819Z [ERROR]: Failed to create transaction for Order ID: ORDER-123415, Error: Midtrans API is returning API error. HTTP status code: 400. API response: {"error_messages":["transaction_details.order_id has already been taken"]}
2024-10-18T12:10:08.607Z [ERROR]: Invalid signature for Order ID: ORDER-123415
2024-10-18T12:10:20.844Z [ERROR]: Invalid signature for Order ID: ORDER-123416
2024-10-18T12:10:25.767Z [ERROR]: Invalid signature for Order ID: ORDER-123416
2024-10-18T12:10:35.841Z [ERROR]: Invalid signature for Order ID: ORDER-123457
2024-10-18T12:11:02.010Z [ERROR]: Invalid signature for Order ID: ORDER-123416
2024-10-18T12:11:39.084Z [ERROR]: Invalid signature for Order ID: ORDER-123416
2024-10-18T12:11:53.269Z [ERROR]: Invalid signature for Order ID: ORDER-123413
2024-10-18T12:11:59.684Z [ERROR]: Invalid signature for Order ID: ORDER-123459
2024-10-18T12:12:48.067Z [ERROR]: Invalid signature for Order ID: ORDER-123412
2024-10-18T12:13:12.854Z [ERROR]: Invalid signature for Order ID: ORDER-123459
2024-10-18T12:13:32.040Z [ERROR]: Invalid signature for Order ID: ORDER-123416
2024-10-18T12:15:55.163Z [ERROR]: Invalid signature for Order ID: ORDER-123458
2024-10-18T12:17:18.999Z [ERROR]: Invalid signature for Order ID: ORDER-123416
2024-10-18T12:17:23.173Z [ERROR]: Invalid signature for Order ID: ORDER-123415
2024-10-18T12:18:33.611Z [ERROR]: Invalid signature for Order ID: ORDER-123458
2024-10-18T12:21:45.046Z [ERROR]: Invalid signature for Order ID: ORDER-123412
2024-10-18T12:23:10.473Z [ERROR]: Invalid signature for Order ID: ORDER-123414
2024-10-18T12:23:43.937Z [ERROR]: Invalid signature for Order ID: ORDER-123413
2024-10-18T12:23:47.249Z [ERROR]: Invalid signature for Order ID: ORDER-123414
2024-10-18T12:25:17.438Z [ERROR]: Invalid signature for Order ID: ORDER-123416
2024-10-18T12:30:34.494Z [ERROR]: Invalid signature for Order ID: ORDER-123456
2024-10-18T12:31:32.831Z [ERROR]: Invalid signature for Order ID: ORDER-123416
2024-10-18T12:32:23.974Z [ERROR]: Invalid signature for Order ID: ORDER-123415
2024-10-18T12:43:14.423Z [ERROR]: Invalid signature for Order ID: ORDER-123457
2024-10-18T12:45:21.075Z [ERROR]: Invalid signature for Order ID: ORDER-123459
2024-10-18T12:46:04.537Z [ERROR]: Invalid signature for Order ID: ORDER-123458
2024-10-18T12:48:25.067Z [ERROR]: Invalid signature for Order ID: ORDER-123413
2024-10-18T12:48:28.576Z [ERROR]: Invalid signature for Order ID: ORDER-123459
2024-10-18T12:52:05.483Z [ERROR]: Invalid signature for Order ID: ORDER-123414
2024-10-18T12:53:13.048Z [ERROR]: Invalid signature for Order ID: ORDER-123414
2024-10-18T12:53:39.053Z [ERROR]: Invalid signature for Order ID: ORDER-123458
2024-10-18T12:53:45.517Z [ERROR]: Invalid signature for Order ID: ORDER-123412
2024-10-18T12:54:04.752Z [ERROR]: Invalid signature for Order ID: ORDER-123456
2024-10-18T12:55:42.484Z [ERROR]: Invalid signature for Order ID: ORDER-123412
2024-10-18T12:59:01.849Z [ERROR]: Invalid signature for Order ID: ORDER-123413
2024-10-18T13:01:45.312Z [ERROR]: Invalid signature for Order ID: ORDER-123457
2024-10-18T13:14:22.435Z [ERROR]: Invalid signature for Order ID: ORDER-123415
2024-10-18T13:17:52.735Z [ERROR]: Invalid signature for Order ID: ORDER-123416
2024-10-18T13:22:24.926Z [ERROR]: Invalid signature for Order ID: ORDER-123416
2024-10-18T13:44:15.693Z [ERROR]: Invalid signature for Order ID: ORDER-123459
2024-10-18T13:49:34.012Z [ERROR]: Invalid signature for Order ID: ORDER-123458
2024-10-18T13:51:30.454Z [ERROR]: Invalid signature for Order ID: ORDER-123456
2024-10-18T13:53:12.090Z [ERROR]: Invalid signature for Order ID: ORDER-123458
2024-10-18T13:54:22.769Z [ERROR]: Invalid signature for Order ID: ORDER-123412
2024-10-18T14:00:17.378Z [ERROR]: Invalid signature for Order ID: ORDER-123457
2024-10-18T14:00:37.378Z [ERROR]: Invalid signature for Order ID: ORDER-123413
2024-10-18T14:04:56.258Z [ERROR]: Invalid signature for Order ID: ORDER-123457
2024-10-18T14:11:11.959Z [ERROR]: Invalid signature for Order ID: ORDER-123416
2024-10-18T14:12:17.520Z [ERROR]: Invalid signature for Order ID: ORDER-123414
2024-10-18T14:17:37.338Z [ERROR]: Invalid signature for Order ID: ORDER-123459
2024-10-18T14:18:19.275Z [ERROR]: Invalid signature for Order ID: ORDER-123414
2024-10-18T14:28:42.131Z [ERROR]: Invalid signature for Order ID: ORDER-123456
2024-10-18T14:35:24.482Z [ERROR]: Invalid signature for Order ID: ORDER-123412
2024-10-18T14:41:32.666Z [ERROR]: Invalid signature for Order ID: ORDER-123413
2024-10-18T14:46:49.076Z [ERROR]: Invalid signature for Order ID: ORDER-123416
2024-10-18T15:19:36.194Z [ERROR]: Failed to create transaction for Order ID: ORDER-123416, Error: Midtrans API is returning API error. HTTP status code: 400. API response: {"error_messages":["transaction_details.order_id sudah digunakan"]}
2024-10-18T15:19:59.337Z [ERROR]: Invalid signature for Order ID: ORDER-123417
2024-10-18T15:20:06.338Z [ERROR]: Invalid signature for Order ID: ORDER-123417
2024-10-18T15:21:27.411Z [ERROR]: Invalid signature for Order ID: ORDER-123417
2024-10-18T15:22:12.049Z [ERROR]: Invalid signature for Order ID: ORDER-123417
2024-10-18T15:25:12.458Z [ERROR]: Invalid signature for Order ID: ORDER-123417
2024-10-18T15:26:01.385Z [ERROR]: Invalid signature for Order ID: ORDER-123418
2024-10-18T15:26:40.962Z [ERROR]: Invalid signature for Order ID: ORDER-123418
2024-10-18T15:27:27.698Z [ERROR]: Invalid signature for Order ID: ORDER-123417
2024-10-18T15:28:01.507Z [ERROR]: Invalid signature for Order ID: ORDER-123418
2024-10-18T15:28:30.339Z [ERROR]: Invalid signature for Order ID: ORDER-123418
2024-10-18T15:29:13.071Z [ERROR]: Failed to create transaction for Order ID: ORDER-123418, Error: Midtrans API is returning API error. HTTP status code: 401. API response: {"error_messages":["Access denied due to unauthorized transaction, please check client or server key","Visit https://docs.midtrans.com/reference/backend-integration for more details"]}
2024-10-18T15:29:20.240Z [ERROR]: Failed to create transaction for Order ID: ORDER-123419, Error: Midtrans API is returning API error. HTTP status code: 401. API response: {"error_messages":["Access denied due to unauthorized transaction, please check client or server key","Visit https://docs.midtrans.com/reference/backend-integration for more details"]}
2024-10-18T15:29:29.698Z [ERROR]: Failed to create transaction for Order ID: ORDER-123410, Error: Midtrans API is returning API error. HTTP status code: 401. API response: {"error_messages":["Access denied due to unauthorized transaction, please check client or server key","Visit https://docs.midtrans.com/reference/backend-integration for more details"]}
2024-10-18T15:29:34.231Z [ERROR]: Failed to create transaction for Order ID: ORDER-123421, Error: Midtrans API is returning API error. HTTP status code: 401. API response: {"error_messages":["Access denied due to unauthorized transaction, please check client or server key","Visit https://docs.midtrans.com/reference/backend-integration for more details"]}
2024-10-18T15:29:50.441Z [ERROR]: Failed to create transaction for Order ID: ORDER-123421, Error: Midtrans API is returning API error. HTTP status code: 401. API response: {"error_messages":["Access denied due to unauthorized transaction, please check client or server key","Visit https://docs.midtrans.com/reference/backend-integration for more details"]}
2024-10-18T15:30:48.306Z [ERROR]: Invalid signature for Order ID: ORDER-123421
2024-10-18T15:30:56.319Z [ERROR]: Invalid signature for Order ID: ORDER-123421
2024-10-18T15:32:20.044Z [ERROR]: Invalid signature for Order ID: ORDER-123421
2024-10-18T15:32:29.417Z [ERROR]: Invalid signature for Order ID: ORDER-123421
2024-10-18T15:33:08.354Z [ERROR]: Invalid signature for Order ID: ORDER-123418
2024-10-18T15:34:49.706Z [ERROR]: Invalid signature for Order ID: ORDER-123422
2024-10-18T15:34:56.671Z [ERROR]: Invalid signature for Order ID: ORDER-123422
2024-10-18T15:35:27.514Z [ERROR]: Invalid signature for Order ID: ORDER-123423
2024-10-18T15:35:33.262Z [ERROR]: Invalid signature for Order ID: ORDER-123423
2024-10-18T15:35:47.679Z [ERROR]: Invalid signature for Order ID: ORDER-123422
2024-10-18T15:36:17.013Z [ERROR]: Invalid signature for Order ID: ORDER-123422
2024-10-18T15:36:18.148Z [ERROR]: Invalid signature for Order ID: ORDER-123418
2024-10-18T15:36:45.496Z [ERROR]: Failed to create transaction for Order ID: ORDER-123422, Error: Midtrans API is returning API error. HTTP status code: 400. API response: {"error_messages":["transaction_details.order_id has already been taken"]}
2024-10-18T15:36:48.212Z [ERROR]: Invalid signature for Order ID: ORDER-123423
2024-10-18T15:37:07.940Z [ERROR]: Invalid signature for Order ID: ORDER-123424
2024-10-18T15:37:08.064Z [ERROR]: Invalid signature for Order ID: ORDER-123423
2024-10-18T15:37:13.916Z [ERROR]: Invalid signature for Order ID: ORDER-123424
2024-10-18T15:38:14.912Z [ERROR]: Invalid signature for Order ID: ORDER-123424
2024-10-18T15:38:35.631Z [ERROR]: Invalid signature for Order ID: ORDER-123421
2024-10-18T15:39:03.799Z [ERROR]: Invalid signature for Order ID: ORDER-123424
2024-10-18T15:39:06.998Z [ERROR]: Invalid signature for Order ID: ORDER-123422
2024-10-18T15:39:50.413Z [ERROR]: Failed to create transaction for Order ID: ORDER-123424, Error: Midtrans API is returning API error. HTTP status code: 400. API response: {"error_messages":["transaction_details.order_id has already been taken"]}
2024-10-18T15:40:12.909Z [ERROR]: Invalid signature for Order ID: ORDER-123425
2024-10-18T15:40:18.543Z [ERROR]: Invalid signature for Order ID: ORDER-123425
2024-10-18T15:40:30.309Z [ERROR]: Invalid signature for Order ID: ORDER-123421
2024-10-18T15:40:37.120Z [ERROR]: Invalid signature for Order ID: ORDER-123422
2024-10-18T15:40:46.354Z [ERROR]: Invalid signature for Order ID: ORDER-123423
2024-10-18T15:41:02.117Z [ERROR]: Invalid signature for Order ID: ORDER-123423
2024-10-18T15:42:13.057Z [ERROR]: Invalid signature for Order ID: ORDER-123425
2024-10-18T15:44:45.551Z [ERROR]: Invalid signature for Order ID: payment_notif_test_G062448668_0b7f3fe5-30d0-4c43-88b9-8b02ddea6526
2024-10-18T15:44:47.761Z [ERROR]: Invalid signature for Order ID: payment_notif_test_G062448668_7546b03f-4170-4313-b26c-d52217ac605f
2024-10-18T15:45:03.212Z [ERROR]: Invalid signature for Order ID: payment_notif_test_G062448668_b1cecf5f-27cd-48d7-a3b5-0b9a0cf827e1
2024-10-18T15:45:16.131Z [ERROR]: Invalid signature for Order ID: ORDER-123418
2024-10-18T15:45:20.945Z [ERROR]: Invalid signature for Order ID: payment_notif_test_G062448668_7546b03f-4170-4313-b26c-d52217ac605f
2024-10-18T15:45:30.439Z [ERROR]: Invalid signature for Order ID: ORDER-123425
2024-10-18T15:45:47.509Z [ERROR]: Invalid signature for Order ID: ORDER-123424
2024-10-18T15:46:00.562Z [ERROR]: Invalid signature for Order ID: ORDER-123424
2024-10-18T15:46:05.162Z [ERROR]: Invalid signature for Order ID: payment_notif_test_G062448668_b1cecf5f-27cd-48d7-a3b5-0b9a0cf827e1
2024-10-18T15:46:48.548Z [ERROR]: Invalid signature for Order ID: payment_notif_test_G062448668_0b7f3fe5-30d0-4c43-88b9-8b02ddea6526
2024-10-18T15:47:16.082Z [ERROR]: Invalid signature for Order ID: ORDER-123417
2024-10-18T15:48:40.949Z [ERROR]: Invalid signature for Order ID: ORDER-123418
2024-10-18T15:48:57.297Z [ERROR]: Invalid signature for Order ID: ORDER-123417
2024-10-18T15:50:13.581Z [ERROR]: Invalid signature for Order ID: ORDER-123421
2024-10-18T15:50:19.086Z [ERROR]: Invalid signature for Order ID: ORDER-123425
2024-10-18T15:51:45.521Z [ERROR]: Invalid signature for Order ID: payment_notif_test_G062448668_9499ed00-3d92-4215-bd85-b4bc72899c0a
2024-10-18T15:52:47.798Z [ERROR]: Invalid signature for Order ID: payment_notif_test_G062448668_7546b03f-4170-4313-b26c-d52217ac605f
2024-10-18T15:53:02.597Z [ERROR]: Invalid signature for Order ID: payment_notif_test_G062448668_5aca9de1-e5fd-4533-b78c-093633af87c2
2024-10-18T15:53:20.220Z [ERROR]: Invalid signature for Order ID: payment_notif_test_G062448668_0b7f3fe5-30d0-4c43-88b9-8b02ddea6526
2024-10-18T15:53:44.402Z [ERROR]: Invalid signature for Order ID: payment_notif_test_G062448668_9499ed00-3d92-4215-bd85-b4bc72899c0a
2024-10-18T15:53:48.492Z [ERROR]: Invalid signature for Order ID: payment_notif_test_G062448668_dfdd709a-f87c-4ef2-afec-affd5826a687
2024-10-18T15:54:07.047Z [ERROR]: Invalid signature for Order ID: payment_notif_test_G062448668_b1cecf5f-27cd-48d7-a3b5-0b9a0cf827e1
2024-10-18T15:54:12.298Z [ERROR]: Invalid signature for Order ID: payment_notif_test_G062448668_340cb64f-ffa5-448b-be92-6fe1cb2e6439
2024-10-18T15:54:17.510Z [ERROR]: Invalid signature for Order ID: payment_notif_test_G062448668_f0f526ab-19bc-4bc8-8bb0-61c2a0cadcf5
2024-10-18T15:54:26.404Z [ERROR]: Invalid signature for Order ID: payment_notif_test_G062448668_ac593a0b-278e-4122-b53a-8e8c9649f324
2024-10-18T15:54:28.678Z [ERROR]: Invalid signature for Order ID: payment_notif_test_G062448668_79b5e231-970b-48e5-807c-999ffa17a39e
2024-10-18T15:54:36.415Z [ERROR]: Invalid signature for Order ID: payment_notif_test_G062448668_69dcd56d-9df0-4bd7-a6d1-8b7f4dcafa1e
2024-10-18T15:54:56.577Z [ERROR]: Invalid signature for Order ID: payment_notif_test_G062448668_d356afb4-9aef-4cad-828e-b99d752f23b7
2024-10-18T15:55:05.533Z [ERROR]: Invalid signature for Order ID: ORDER-123421
2024-10-18T15:55:34.312Z [ERROR]: Invalid signature for Order ID: payment_notif_test_G062448668_5aca9de1-e5fd-4533-b78c-093633af87c2
2024-10-18T15:56:11.842Z [ERROR]: Invalid signature for Order ID: ORDER-123424
2024-10-18T15:56:12.372Z [ERROR]: Invalid signature for Order ID: payment_notif_test_G062448668_340cb64f-ffa5-448b-be92-6fe1cb2e6439
2024-10-18T15:56:16.054Z [ERROR]: Failed to create transaction for Order ID: ORDER-123425, Error: Midtrans API is returning API error. HTTP status code: 401. API response: {"error_messages":["Access denied due to unauthorized transaction, please check client or server key","Visit https://docs.midtrans.com/reference/backend-integration for more details"]}
2024-10-18T15:56:20.368Z [ERROR]: Invalid signature for Order ID: payment_notif_test_G062448668_f0f526ab-19bc-4bc8-8bb0-61c2a0cadcf5
2024-10-18T15:56:25.938Z [ERROR]: Invalid signature for Order ID: payment_notif_test_G062448668_dfdd709a-f87c-4ef2-afec-affd5826a687
2024-10-18T15:56:27.781Z [ERROR]: Invalid signature for Order ID: payment_notif_test_G062448668_d356afb4-9aef-4cad-828e-b99d752f23b7
2024-10-18T15:56:31.859Z [ERROR]: Invalid signature for Order ID: payment_notif_test_G062448668_ac593a0b-278e-4122-b53a-8e8c9649f324
2024-10-18T15:56:42.763Z [ERROR]: Invalid signature for Order ID: payment_notif_test_G062448668_69dcd56d-9df0-4bd7-a6d1-8b7f4dcafa1e
2024-10-18T15:56:45.835Z [ERROR]: Invalid signature for Order ID: payment_notif_test_G062448668_79b5e231-970b-48e5-807c-999ffa17a39e
2024-10-18T15:56:54.469Z [ERROR]: Invalid signature for Order ID: ORDER-123422
2024-10-18T15:57:07.495Z [ERROR]: Invalid signature for Order ID: payment_notif_test_G062448668_7264196f-8895-4256-98fa-a982a59d8839
2024-10-18T15:57:07.740Z [ERROR]: Failed to create transaction for Order ID: ORDER-123425, Error: Midtrans API is returning API error. HTTP status code: 401. API response: {"error_messages":["Access denied due to unauthorized transaction, please check client or server key","Visit https://docs.midtrans.com/reference/backend-integration for more details"]}
2024-10-18T15:57:11.071Z [ERROR]: Invalid signature for Order ID: payment_notif_test_G062448668_9499ed00-3d92-4215-bd85-b4bc72899c0a
2024-10-18T15:57:16.472Z [ERROR]: Failed to create transaction for Order ID: ORDER-123425, Error: Midtrans API is returning API error. HTTP status code: 400. API response: {"error_messages":["transaction_details.order_id has already been taken"]}
2024-10-18T15:57:38.441Z [ERROR]: Invalid signature for Order ID: payment_notif_test_G062448668_f760d9e7-c8b1-4848-9eed-b23fa10f7335
2024-10-18T15:58:15.800Z [ERROR]: Invalid signature for Order ID: payment_notif_test_G062448668_825ffcb1-867b-42d5-b1a0-1efc9dd9f579
2024-10-18T15:58:19.780Z [ERROR]: Invalid signature for Order ID: payment_notif_test_G062448668_4111e61e-7a22-4ae1-891f-b0de8b2939c1
2024-10-18T15:58:20.712Z [ERROR]: Invalid signature for Order ID: payment_notif_test_G062448668_f760d9e7-c8b1-4848-9eed-b23fa10f7335
2024-10-18T15:58:23.585Z [ERROR]: Invalid signature for Order ID: payment_notif_test_G062448668_31b80d62-6b6f-4b55-8025-91827aef47a2
2024-10-18T15:58:25.342Z [ERROR]: Invalid signature for Order ID: payment_notif_test_G062448668_38f53072-7bae-4a0b-ae75-9fdf5855b103
2024-10-18T15:58:26.417Z [ERROR]: Invalid signature for Order ID: ORDER-123423
2024-10-18T15:58:26.785Z [ERROR]: Invalid signature for Order ID: payment_notif_test_G062448668_69d96b7d-5797-4533-a895-b900bd2d31aa
2024-10-18T15:58:46.943Z [ERROR]: Invalid signature for Order ID: payment_notif_test_G062448668_4111e61e-7a22-4ae1-891f-b0de8b2939c1
2024-10-18T15:58:56.493Z [ERROR]: Invalid signature for Order ID: payment_notif_test_G062448668_69d96b7d-5797-4533-a895-b900bd2d31aa
2024-10-18T15:59:25.689Z [ERROR]: Invalid signature for Order ID: payment_notif_test_G062448668_825ffcb1-867b-42d5-b1a0-1efc9dd9f579
2024-10-18T15:59:31.278Z [ERROR]: Invalid signature for Order ID: payment_notif_test_G062448668_340cb64f-ffa5-448b-be92-6fe1cb2e6439
2024-10-18T15:59:41.743Z [ERROR]: Invalid signature for Order ID: ORDER-123424
2024-10-18T15:59:51.888Z [ERROR]: Invalid signature for Order ID: payment_notif_test_G062448668_31b80d62-6b6f-4b55-8025-91827aef47a2
2024-10-18T15:59:53.396Z [ERROR]: Invalid signature for Order ID: payment_notif_test_G062448668_d356afb4-9aef-4cad-828e-b99d752f23b7
2024-10-18T16:00:12.508Z [ERROR]: Invalid signature for Order ID: ORDER-123422
2024-10-18T16:00:12.886Z [ERROR]: Invalid signature for Order ID: ORDER-123423
2024-10-18T16:00:39.537Z [ERROR]: Invalid signature for Order ID: payment_notif_test_G062448668_38f53072-7bae-4a0b-ae75-9fdf5855b103
2024-10-18T16:01:02.449Z [ERROR]: Invalid signature for Order ID: payment_notif_test_G062448668_79b5e231-970b-48e5-807c-999ffa17a39e
2024-10-18T16:02:19.097Z [ERROR]: Invalid signature for Order ID: payment_notif_test_G062448668_f116db3d-c1d4-450d-958a-8720c1a57184
2024-10-18T16:04:26.708Z [ERROR]: Invalid signature for Order ID: payment_notif_test_G062448668_f116db3d-c1d4-450d-958a-8720c1a57184
2024-10-18T16:10:39.708Z [ERROR]: Invalid signature for Order ID: payment_notif_test_G062448668_f116db3d-c1d4-450d-958a-8720c1a57184
2024-10-18T16:14:18.100Z [ERROR]: Failed to create transaction for Order ID: ORDER-123426, Error: Midtrans API is returning API error. HTTP status code: 400. API response: {"error_messages":["transaction_details.order_id has already been taken"]}
